08:52:40 **** Incremental Build of configuration Debug for project ass_1.3 ****
make all 
Building file: ../main.c
Invoking: AVR Compiler
avr-gcc -Wall -g2 -gstabs -O0 -fpack-struct -fshort-enums -ffunction-sections -fdata-sections -std=gnu99 -funsigned-char -funsigned-bitfields -mmcu=atmega32 -DF_CPU=8000000UL -MMD -MP -MF"main.d" -MT"main.o" -c -o "main.o" "../main.c"
In file included from ../main.c:9:
c:/sohaib/embedded/01- imt sdk-20230714t110022z-001/01- imt sdk/imt_sdk_win_64/winavr/lib/gcc/../../avr/include/avr/delay.h:36:2: warning: #warning "This file has been moved to <util/delay.h>."
In file included from c:/sohaib/embedded/01- imt sdk-20230714t110022z-001/01- imt sdk/imt_sdk_win_64/winavr/lib/gcc/../../avr/include/avr/delay.h:37,
                 from ../main.c:9:
c:/sohaib/embedded/01- imt sdk-20230714t110022z-001/01- imt sdk/imt_sdk_win_64/winavr/lib/gcc/../../avr/include/util/delay.h:90:3: warning: #warning "Compiler optimizations disabled; functions from <util/delay.h> won't work as designed"
../main.c:26: warning: return type of 'main' is not 'int'
Finished building: ../main.c
 
Building target: ass_1.3.elf
Invoking: AVR C Linker
avr-gcc -Wl,-Map,ass_1.3.map -mmcu=atmega32 -o "ass_1.3.elf"  ./main.o   
Finished building target: ass_1.3.elf
 
Invoking: AVR Create Extended Listing
avr-objdump -h -S ass_1.3.elf  >"ass_1.3.lss"
Finished building: ass_1.3.lss
 
Create Flash image (ihex format)
avr-objcopy -R .eeprom -R .fuse -R .lock -R .signature -O ihex ass_1.3.elf  "ass_1.3.hex"
Finished building: ass_1.3.hex
 
Invoking: Print Size
avr-size --format=avr --mcu=atmega32 ass_1.3.elf
AVR Memory Usage
----------------
Device: atmega32

Program:    3664 bytes (11.2% Full)
(.text + .data + .bootloader)

Data:         18 bytes (0.9% Full)
(.data + .bss + .noinit)


Finished building: sizedummy
 

08:52:40 Build Finished (took 666ms)

