00:17:15 **** Incremental Build of configuration Debug for project dio_2 ****
make all 
Building file: ../main.c
Invoking: AVR Compiler
avr-gcc -Wall -g2 -gstabs -O0 -fpack-struct -fshort-enums -ffunction-sections -fdata-sections -std=gnu99 -funsigned-char -funsigned-bitfields -mmcu=atmega32 -DF_CPU=8000000UL -MMD -MP -MF"main.d" -MT"main.o" -c -o "main.o" "../main.c"
Finished building: ../main.c
 
Building target: dio_2.elf
Invoking: AVR C Linker
avr-gcc -Wl,-Map,dio_2.map -mmcu=atmega32 -o "dio_2.elf"  ./main.o   
Finished building target: dio_2.elf
 
Invoking: AVR Create Extended Listing
avr-objdump -h -S dio_2.elf  >"dio_2.lss"
Finished building: dio_2.lss
 
Create Flash image (ihex format)
avr-objcopy -R .eeprom -R .fuse -R .lock -R .signature -O ihex dio_2.elf  "dio_2.hex"
Finished building: dio_2.hex
 
Invoking: Print Size
avr-size --format=avr --mcu=atmega32 dio_2.elf
AVR Memory Usage
----------------
Device: atmega32

Program:     138 bytes (0.4% Full)
(.text + .data + .bootloader)

Data:          0 bytes (0.0% Full)
(.data + .bss + .noinit)


Finished building: sizedummy
 

00:17:16 Build Finished (took 540ms)

