01:10:02 **** Incremental Build of configuration Debug for project lab_1.4 ****
make all 
Building file: ../main.c
Invoking: AVR Compiler
avr-gcc -Wall -g2 -gstabs -O0 -fpack-struct -fshort-enums -ffunction-sections -fdata-sections -std=gnu99 -funsigned-char -funsigned-bitfields -mmcu=atmega32 -DF_CPU=8000000UL -MMD -MP -MF"main.d" -MT"main.o" -c -o "main.o" "../main.c"
In file included from ../main.c:8:
c:/sohaib/embedded/01- imt sdk-20230714t110022z-001/01- imt sdk/imt_sdk_win_64/winavr/lib/gcc/../../avr/include/avr/delay.h:36:2: warning: #warning "This file has been moved to <util/delay.h>."
In file included from c:/sohaib/embedded/01- imt sdk-20230714t110022z-001/01- imt sdk/imt_sdk_win_64/winavr/lib/gcc/../../avr/include/avr/delay.h:37,
                 from ../main.c:8:
c:/sohaib/embedded/01- imt sdk-20230714t110022z-001/01- imt sdk/imt_sdk_win_64/winavr/lib/gcc/../../avr/include/util/delay.h:90:3: warning: #warning "Compiler optimizations disabled; functions from <util/delay.h> won't work as designed"
../main.c:9:1: warning: "F_CPU" redefined
<command-line>: warning: this is the location of the previous definition
Finished building: ../main.c
 
Building target: lab_1.4.elf
Invoking: AVR C Linker
avr-gcc -Wl,-Map,lab_1.4.map -mmcu=atmega32 -o "lab_1.4.elf"  ./main.o   
Finished building target: lab_1.4.elf
 
Invoking: AVR Create Extended Listing
avr-objdump -h -S lab_1.4.elf  >"lab_1.4.lss"
Finished building: lab_1.4.lss
 
Create Flash image (ihex format)
avr-objcopy -R .eeprom -R .fuse -R .lock -R .signature -O ihex lab_1.4.elf  "lab_1.4.hex"
Finished building: lab_1.4.hex
 
Invoking: Print Size
avr-size --format=avr --mcu=atmega32 lab_1.4.elf
AVR Memory Usage
----------------
Device: atmega32

Program:    3730 bytes (11.4% Full)
(.text + .data + .bootloader)

Data:          8 bytes (0.4% Full)
(.data + .bss + .noinit)


Finished building: sizedummy
 

01:10:02 Build Finished (took 530ms)

