02:54:30 **** Incremental Build of configuration Debug for project spi_slave ****
make all 
Building file: ../COTS/MCAL/SPI/SPI_program .c
Invoking: AVR Compiler
avr-gcc -Wall -g2 -gstabs -O0 -fpack-struct -fshort-enums -ffunction-sections -fdata-sections -std=gnu99 -funsigned-char -funsigned-bitfields -mmcu=atmega32 -DF_CPU=8000000UL -MMD -MP -MF"COTS/MCAL/SPI/SPI_program .d" -MT"COTS/MCAL/SPI/SPI_program\ .d" -c -o "COTS/MCAL/SPI/SPI_program .o" "../COTS/MCAL/SPI/SPI_program .c"
Finished building: ../COTS/MCAL/SPI/SPI_program .c
 
Building file: ../COTS/APP/main.c
Invoking: AVR Compiler
avr-gcc -Wall -g2 -gstabs -O0 -fpack-struct -fshort-enums -ffunction-sections -fdata-sections -std=gnu99 -funsigned-char -funsigned-bitfields -mmcu=atmega32 -DF_CPU=8000000UL -MMD -MP -MF"COTS/APP/main.d" -MT"COTS/APP/main.o" -c -o "COTS/APP/main.o" "../COTS/APP/main.c"
In file included from ../COTS/APP/main.c:16:
c:/sohaib/embedded/01- imt sdk-20230714t110022z-001/01- imt sdk/imt_sdk_win_64/winavr/lib/gcc/../../avr/include/util/delay.h:90:3: warning: #warning "Compiler optimizations disabled; functions from <util/delay.h> won't work as designed"
../COTS/APP/main.c:34: warning: return type of 'main' is not 'int'
../COTS/APP/main.c: In function 'main':
../COTS/APP/main.c:39: warning: pointer targets in passing argument 1 of 'SPI_u8TransceiveStringAsync' differ in signedness
../COTS/APP/main.c:39: warning: passing argument 2 of 'SPI_u8TransceiveStringAsync' from incompatible pointer type
../COTS/APP/main.c: In function 'SPI_voidCallBack':
../COTS/APP/main.c:49: warning: pointer targets in passing argument 1 of 'strcmp' differ in signedness
../COTS/APP/main.c:51: warning: pointer targets in passing argument 1 of 'strcmp' differ in signedness
Finished building: ../COTS/APP/main.c
 
Building target: spi_slave.elf
Invoking: AVR C Linker
avr-gcc -Wl,-Map,spi_slave.map -mmcu=atmega32 -o "spi_slave.elf"  ./COTS/MCAL/USART/USART_program\ .o  ./COTS/MCAL/TIMERS/TIMERS_program\ .o  ./COTS/MCAL/SPI/SPI_program\ .o  ./COTS/MCAL/PORT/PORT_prgram.o  ./COTS/MCAL/GIE/GIE_program\ .o  ./COTS/MCAL/EXTI/EXTI_program\ .o  ./COTS/MCAL/DIO/DIO_program.o  ./COTS/MCAL/ADC/ADC_program\ .o  ./COTS/HAL/STEPPER/STEPPER_program\ .o  ./COTS/HAL/LCD/LCD_program.o  ./COTS/HAL/KeyPad/KEYPAD_program.o  ./COTS/APP/main.o   
Finished building target: spi_slave.elf
 
Invoking: AVR Create Extended Listing
avr-objdump -h -S spi_slave.elf  >"spi_slave.lss"
Finished building: spi_slave.lss
 
Create Flash image (ihex format)
avr-objcopy -R .eeprom -R .fuse -R .lock -R .signature -O ihex spi_slave.elf  "spi_slave.hex"
Finished building: spi_slave.hex
 
Invoking: Print Size
avr-size --format=avr --mcu=atmega32 spi_slave.elf
AVR Memory Usage
----------------
Device: atmega32

Program:   32340 bytes (98.7% Full)
(.text + .data + .bootloader)

Data:        335 bytes (16.4% Full)
(.data + .bss + .noinit)


Finished building: sizedummy
 

02:54:31 Build Finished (took 969ms)

